<?xml version="1.0" encoding="UTF-8"?>
<testsuite xmlns:xsi="http://www.w3.org/2001/XMLSchema-instance" xsi:noNamespaceSchemaLocation="https://maven.apache.org/surefire/maven-surefire-plugin/xsd/surefire-test-report.xsd" name="Amazon_ui.UiTests" time="38.72" tests="1" errors="0" skipped="0" failures="0">
  <properties>
    <property name="gopherProxySet" value="false"/>
    <property name="awt.toolkit" value="sun.lwawt.macosx.LWCToolkit"/>
    <property name="file.encoding.pkg" value="sun.io"/>
    <property name="java.specification.version" value="1.8"/>
    <property name="sun.cpu.isalist" value=""/>
    <property name="sun.jnu.encoding" value="UTF-8"/>
    <property name="java.class.path" value="/Users/MacKolia/Documents/IntelliJ IDEA projects/Amazon/amazon/target/test-classes:/Users/MacKolia/Documents/IntelliJ IDEA projects/Amazon/amazon/target/classes:/Users/MacKolia/.m2/repository/org/apache/httpcomponents/httpclient/4.5.3/httpclient-4.5.3.jar:/Users/MacKolia/.m2/repository/org/apache/httpcomponents/httpcore/4.4.6/httpcore-4.4.6.jar:/Users/MacKolia/.m2/repository/commons-logging/commons-logging/1.2/commons-logging-1.2.jar:/Users/MacKolia/.m2/repository/commons-codec/commons-codec/1.9/commons-codec-1.9.jar:/Users/MacKolia/.m2/repository/javax/ws/rs/javax.ws.rs-api/2.1.1/javax.ws.rs-api-2.1.1.jar:/Users/MacKolia/.m2/repository/com/j2html/j2html/1.2.2/j2html-1.2.2.jar:/Users/MacKolia/.m2/repository/org/json/json/20170516/json-20170516.jar:/Users/MacKolia/.m2/repository/net/sourceforge/htmlunit/htmlunit/2.27/htmlunit-2.27.jar:/Users/MacKolia/.m2/repository/xalan/xalan/2.7.2/xalan-2.7.2.jar:/Users/MacKolia/.m2/repository/xalan/serializer/2.7.2/serializer-2.7.2.jar:/Users/MacKolia/.m2/repository/org/apache/commons/commons-lang3/3.5/commons-lang3-3.5.jar:/Users/MacKolia/.m2/repository/org/apache/httpcomponents/httpmime/4.5.3/httpmime-4.5.3.jar:/Users/MacKolia/.m2/repository/net/sourceforge/htmlunit/htmlunit-core-js/2.27/htmlunit-core-js-2.27.jar:/Users/MacKolia/.m2/repository/net/sourceforge/htmlunit/neko-htmlunit/2.27/neko-htmlunit-2.27.jar:/Users/MacKolia/.m2/repository/xerces/xercesImpl/2.11.0/xercesImpl-2.11.0.jar:/Users/MacKolia/.m2/repository/xml-apis/xml-apis/1.4.01/xml-apis-1.4.01.jar:/Users/MacKolia/.m2/repository/net/sourceforge/cssparser/cssparser/0.9.23/cssparser-0.9.23.jar:/Users/MacKolia/.m2/repository/org/w3c/css/sac/1.3/sac-1.3.jar:/Users/MacKolia/.m2/repository/commons-io/commons-io/2.5/commons-io-2.5.jar:/Users/MacKolia/.m2/repository/org/eclipse/jetty/websocket/websocket-client/9.4.5.v20170502/websocket-client-9.4.5.v20170502.jar:/Users/MacKolia/.m2/repository/org/eclipse/jetty/jetty-util/9.4.5.v20170502/jetty-util-9.4.5.v20170502.jar:/Users/MacKolia/.m2/repository/org/eclipse/jetty/jetty-io/9.4.5.v20170502/jetty-io-9.4.5.v20170502.jar:/Users/MacKolia/.m2/repository/org/eclipse/jetty/jetty-client/9.4.5.v20170502/jetty-client-9.4.5.v20170502.jar:/Users/MacKolia/.m2/repository/org/eclipse/jetty/jetty-http/9.4.5.v20170502/jetty-http-9.4.5.v20170502.jar:/Users/MacKolia/.m2/repository/org/eclipse/jetty/websocket/websocket-common/9.4.5.v20170502/websocket-common-9.4.5.v20170502.jar:/Users/MacKolia/.m2/repository/org/eclipse/jetty/websocket/websocket-api/9.4.5.v20170502/websocket-api-9.4.5.v20170502.jar:/Users/MacKolia/.m2/repository/com/membership/core/1.0/core-1.0.jar:/Users/MacKolia/.m2/repository/org/apache/logging/log4j/log4j-core/2.11.1/log4j-core-2.11.1.jar:/Users/MacKolia/.m2/repository/org/apache/logging/log4j/log4j-api/2.11.1/log4j-api-2.11.1.jar:/Users/MacKolia/.m2/repository/org/jboss/aerogear/aerogear-otp-java/1.0.0/aerogear-otp-java-1.0.0.jar:/Users/MacKolia/.m2/repository/org/apache/commons/commons-csv/1.5/commons-csv-1.5.jar:/Users/MacKolia/.m2/repository/org/apache/poi/poi/4.1.0/poi-4.1.0.jar:/Users/MacKolia/.m2/repository/org/apache/commons/commons-collections4/4.3/commons-collections4-4.3.jar:/Users/MacKolia/.m2/repository/org/apache/commons/commons-math3/3.6.1/commons-math3-3.6.1.jar:/Users/MacKolia/.m2/repository/org/apache/poi/poi-ooxml/4.1.0/poi-ooxml-4.1.0.jar:/Users/MacKolia/.m2/repository/org/apache/poi/poi-ooxml-schemas/4.1.0/poi-ooxml-schemas-4.1.0.jar:/Users/MacKolia/.m2/repository/org/apache/xmlbeans/xmlbeans/3.1.0/xmlbeans-3.1.0.jar:/Users/MacKolia/.m2/repository/org/apache/commons/commons-compress/1.18/commons-compress-1.18.jar:/Users/MacKolia/.m2/repository/com/github/virtuald/curvesapi/1.06/curvesapi-1.06.jar:/Users/MacKolia/.m2/repository/org/apache/maven/plugins/maven-site-plugin/3.7.1/maven-site-plugin-3.7.1.jar:/Users/MacKolia/.m2/repository/org/apache/maven/reporting/maven-reporting-exec/1.4/maven-reporting-exec-1.4.jar:/Users/MacKolia/.m2/repository/org/apache/maven/reporting/maven-reporting-api/3.0/maven-reporting-api-3.0.jar:/Users/MacKolia/.m2/repository/org/sonatype/aether/aether-util/1.7/aether-util-1.7.jar:/Users/MacKolia/.m2/repository/org/eclipse/aether/aether-util/0.9.0.M2/aether-util-0.9.0.M2.jar:/Users/MacKolia/.m2/repository/org/apache/maven/shared/maven-shared-utils/3.1.0/maven-shared-utils-3.1.0.jar:/Users/MacKolia/.m2/repository/org/apache/maven/maven-core/3.0/maven-core-3.0.jar:/Users/MacKolia/.m2/repository/org/apache/maven/maven-repository-metadata/3.0/maven-repository-metadata-3.0.jar:/Users/MacKolia/.m2/repository/org/apache/maven/maven-model-builder/3.0/maven-model-builder-3.0.jar:/Users/MacKolia/.m2/repository/org/apache/maven/maven-aether-provider/3.0/maven-aether-provider-3.0.jar:/Users/MacKolia/.m2/repository/org/sonatype/aether/aether-impl/1.7/aether-impl-1.7.jar:/Users/MacKolia/.m2/repository/org/sonatype/aether/aether-spi/1.7/aether-spi-1.7.jar:/Users/MacKolia/.m2/repository/org/sonatype/aether/aether-api/1.7/aether-api-1.7.jar:/Users/MacKolia/.m2/repository/org/codehaus/plexus/plexus-interpolation/1.14/plexus-interpolation-1.14.jar:/Users/MacKolia/.m2/repository/org/codehaus/plexus/plexus-component-annotations/1.5.5/plexus-component-annotations-1.5.5.jar:/Users/MacKolia/.m2/repository/org/sonatype/plexus/plexus-sec-dispatcher/1.3/plexus-sec-dispatcher-1.3.jar:/Users/MacKolia/.m2/repository/org/sonatype/plexus/plexus-cipher/1.4/plexus-cipher-1.4.jar:/Users/MacKolia/.m2/repository/org/apache/maven/maven-model/3.0/maven-model-3.0.jar:/Users/MacKolia/.m2/repository/org/apache/maven/maven-plugin-api/3.0/maven-plugin-api-3.0.jar:/Users/MacKolia/.m2/repository/org/apache/maven/maven-settings/3.0/maven-settings-3.0.jar:/Users/MacKolia/.m2/repository/org/apache/maven/maven-settings-builder/3.0/maven-settings-builder-3.0.jar:/Users/MacKolia/.m2/repository/org/apache/maven/maven-archiver/3.1.1/maven-archiver-3.1.1.jar:/Users/MacKolia/.m2/repository/org/sonatype/sisu/sisu-inject-plexus/1.4.2/sisu-inject-plexus-1.4.2.jar:/Users/MacKolia/.m2/repository/org/sonatype/sisu/sisu-inject-bean/1.4.2/sisu-inject-bean-1.4.2.jar:/Users/MacKolia/.m2/repository/org/sonatype/sisu/sisu-guice/2.1.7/sisu-guice-2.1.7-noaop.jar:/Users/MacKolia/.m2/repository/org/codehaus/plexus/plexus-archiver/3.4/plexus-archiver-3.4.jar:/Users/MacKolia/.m2/repository/org/codehaus/plexus/plexus-io/2.7.1/plexus-io-2.7.1.jar:/Users/MacKolia/.m2/repository/org/iq80/snappy/snappy/0.4/snappy-0.4.jar:/Users/MacKolia/.m2/repository/org/tukaani/xz/1.5/xz-1.5.jar:/Users/MacKolia/.m2/repository/org/codehaus/plexus/plexus-i18n/1.0-beta-10/plexus-i18n-1.0-beta-10.jar:/Users/MacKolia/.m2/repository/org/codehaus/plexus/plexus-utils/3.0.24/plexus-utils-3.0.24.jar:/Users/MacKolia/.m2/repository/org/codehaus/plexus/plexus-classworlds/2.5.2/plexus-classworlds-2.5.2.jar:/Users/MacKolia/.m2/repository/org/apache/maven/doxia/doxia-sink-api/1.8/doxia-sink-api-1.8.jar:/Users/MacKolia/.m2/repository/org/apache/maven/doxia/doxia-logging-api/1.8/doxia-logging-api-1.8.jar:/Users/MacKolia/.m2/repository/org/apache/maven/doxia/doxia-module-xhtml/1.8/doxia-module-xhtml-1.8.jar:/Users/MacKolia/.m2/repository/org/apache/maven/doxia/doxia-core/1.8/doxia-core-1.8.jar:/Users/MacKolia/.m2/repository/org/apache/maven/doxia/doxia-module-apt/1.8/doxia-module-apt-1.8.jar:/Users/MacKolia/.m2/repository/org/apache/maven/doxia/doxia-module-xdoc/1.8/doxia-module-xdoc-1.8.jar:/Users/MacKolia/.m2/repository/org/apache/maven/doxia/doxia-module-fml/1.8/doxia-module-fml-1.8.jar:/Users/MacKolia/.m2/repository/org/apache/maven/doxia/doxia-module-markdown/1.8/doxia-module-markdown-1.8.jar:/Users/MacKolia/.m2/repository/com/vladsch/flexmark/flexmark-all/0.18.4/flexmark-all-0.18.4.jar:/Users/MacKolia/.m2/repository/com/vladsch/flexmark/flexmark/0.18.4/flexmark-0.18.4.jar:/Users/MacKolia/.m2/repository/com/vladsch/flexmark/flexmark-ext-abbreviation/0.18.4/flexmark-ext-abbreviation-0.18.4.jar:/Users/MacKolia/.m2/repository/com/vladsch/flexmark/flexmark-ext-anchorlink/0.18.4/flexmark-ext-anchorlink-0.18.4.jar:/Users/MacKolia/.m2/repository/com/vladsch/flexmark/flexmark-ext-aside/0.18.4/flexmark-ext-aside-0.18.4.jar:/Users/MacKolia/.m2/repository/com/vladsch/flexmark/flexmark-ext-autolink/0.18.4/flexmark-ext-autolink-0.18.4.jar:/Users/MacKolia/.m2/repository/org/nibor/autolink/autolink/0.6.0/autolink-0.6.0.jar:/Users/MacKolia/.m2/repository/com/vladsch/flexmark/flexmark-ext-definition/0.18.4/flexmark-ext-definition-0.18.4.jar:/Users/MacKolia/.m2/repository/com/vladsch/flexmark/flexmark-ext-emoji/0.18.4/flexmark-ext-emoji-0.18.4.jar:/Users/MacKolia/.m2/repository/com/vladsch/flexmark/flexmark-ext-escaped-character/0.18.4/flexmark-ext-escaped-character-0.18.4.jar:/Users/MacKolia/.m2/repository/com/vladsch/flexmark/flexmark-ext-footnotes/0.18.4/flexmark-ext-footnotes-0.18.4.jar:/Users/MacKolia/.m2/repository/com/vladsch/flexmark/flexmark-ext-gfm-strikethrough/0.18.4/flexmark-ext-gfm-strikethrough-0.18.4.jar:/Users/MacKolia/.m2/repository/com/vladsch/flexmark/flexmark-ext-gfm-tables/0.18.4/flexmark-ext-gfm-tables-0.18.4.jar:/Users/MacKolia/.m2/repository/com/vladsch/flexmark/flexmark-ext-gfm-tasklist/0.18.4/flexmark-ext-gfm-tasklist-0.18.4.jar:/Users/MacKolia/.m2/repository/com/vladsch/flexmark/flexmark-ext-jekyll-front-matter/0.18.4/flexmark-ext-jekyll-front-matter-0.18.4.jar:/Users/MacKolia/.m2/repository/com/vladsch/flexmark/flexmark-ext-jekyll-tag/0.18.4/flexmark-ext-jekyll-tag-0.18.4.jar:/Users/MacKolia/.m2/repository/com/vladsch/flexmark/flexmark-ext-ins/0.18.4/flexmark-ext-ins-0.18.4.jar:/Users/MacKolia/.m2/repository/com/vladsch/flexmark/flexmark-ext-xwiki-macros/0.18.4/flexmark-ext-xwiki-macros-0.18.4.jar:/Users/MacKolia/.m2/repository/com/vladsch/flexmark/flexmark-ext-spec-example/0.18.4/flexmark-ext-spec-example-0.18.4.jar:/Users/MacKolia/.m2/repository/com/vladsch/flexmark/flexmark-test-util/0.18.4/flexmark-test-util-0.18.4.jar:/Users/MacKolia/.m2/repository/com/vladsch/flexmark/flexmark-ext-superscript/0.18.4/flexmark-ext-superscript-0.18.4.jar:/Users/MacKolia/.m2/repository/com/vladsch/flexmark/flexmark-ext-tables/0.18.4/flexmark-ext-tables-0.18.4.jar:/Users/MacKolia/.m2/repository/com/vladsch/flexmark/flexmark-ext-toc/0.18.4/flexmark-ext-toc-0.18.4.jar:/Users/MacKolia/.m2/repository/com/vladsch/flexmark/flexmark-ext-typographic/0.18.4/flexmark-ext-typographic-0.18.4.jar:/Users/MacKolia/.m2/repository/com/vladsch/flexmark/flexmark-ext-wikilink/0.18.4/flexmark-ext-wikilink-0.18.4.jar:/Users/MacKolia/.m2/repository/com/vladsch/flexmark/flexmark-ext-yaml-front-matter/0.18.4/flexmark-ext-yaml-front-matter-0.18.4.jar:/Users/MacKolia/.m2/repository/com/vladsch/flexmark/flexmark-formatter/0.18.4/flexmark-formatter-0.18.4.jar:/Users/MacKolia/.m2/repository/com/vladsch/flexmark/flexmark-html-parser/0.18.4/flexmark-html-parser-0.18.4.jar:/Users/MacKolia/.m2/repository/com/vladsch/flexmark/flexmark-jira-converter/0.18.4/flexmark-jira-converter-0.18.4.jar:/Users/MacKolia/.m2/repository/com/vladsch/flexmark/flexmark-pdf-converter/0.18.4/flexmark-pdf-converter-0.18.4.jar:/Users/MacKolia/.m2/repository/com/openhtmltopdf/openhtmltopdf-core/0.0.1-RC9/openhtmltopdf-core-0.0.1-RC9.jar:/Users/MacKolia/.m2/repository/com/openhtmltopdf/openhtmltopdf-pdfbox/0.0.1-RC9/openhtmltopdf-pdfbox-0.0.1-RC9.jar:/Users/MacKolia/.m2/repository/org/apache/pdfbox/pdfbox/2.0.4/pdfbox-2.0.4.jar:/Users/MacKolia/.m2/repository/org/apache/pdfbox/fontbox/2.0.4/fontbox-2.0.4.jar:/Users/MacKolia/.m2/repository/com/openhtmltopdf/openhtmltopdf-rtl-support/0.0.1-RC9/openhtmltopdf-rtl-support-0.0.1-RC9.jar:/Users/MacKolia/.m2/repository/com/ibm/icu/icu4j/58.1/icu4j-58.1.jar:/Users/MacKolia/.m2/repository/com/openhtmltopdf/openhtmltopdf-jsoup-dom-converter/0.0.1-RC9/openhtmltopdf-jsoup-dom-converter-0.0.1-RC9.jar:/Users/MacKolia/.m2/repository/com/vladsch/flexmark/flexmark-profile-pegdown/0.18.4/flexmark-profile-pegdown-0.18.4.jar:/Users/MacKolia/.m2/repository/com/vladsch/flexmark/flexmark-util/0.18.4/flexmark-util-0.18.4.jar:/Users/MacKolia/.m2/repository/com/vladsch/flexmark/flexmark-youtrack-converter/0.18.4/flexmark-youtrack-converter-0.18.4.jar:/Users/MacKolia/.m2/repository/javax/servlet/servlet-api/2.5/servlet-api-2.5.jar:/Users/MacKolia/.m2/repository/org/apache/maven/doxia/doxia-decoration-model/1.8.1/doxia-decoration-model-1.8.1.jar:/Users/MacKolia/.m2/repository/org/apache/maven/doxia/doxia-site-renderer/1.8.1/doxia-site-renderer-1.8.1.jar:/Users/MacKolia/.m2/repository/org/apache/maven/doxia/doxia-skin-model/1.8.1/doxia-skin-model-1.8.1.jar:/Users/MacKolia/.m2/repository/org/codehaus/plexus/plexus-container-default/1.0-alpha-30/plexus-container-default-1.0-alpha-30.jar:/Users/MacKolia/.m2/repository/org/codehaus/plexus/plexus-velocity/1.2/plexus-velocity-1.2.jar:/Users/MacKolia/.m2/repository/org/apache/velocity/velocity/1.7/velocity-1.7.jar:/Users/MacKolia/.m2/repository/commons-lang/commons-lang/2.4/commons-lang-2.4.jar:/Users/MacKolia/.m2/repository/org/apache/velocity/velocity-tools/2.0/velocity-tools-2.0.jar:/Users/MacKolia/.m2/repository/commons-beanutils/commons-beanutils/1.7.0/commons-beanutils-1.7.0.jar:/Users/MacKolia/.m2/repository/commons-digester/commons-digester/1.8/commons-digester-1.8.jar:/Users/MacKolia/.m2/repository/commons-chain/commons-chain/1.1/commons-chain-1.1.jar:/Users/MacKolia/.m2/repository/commons-validator/commons-validator/1.3.1/commons-validator-1.3.1.jar:/Users/MacKolia/.m2/repository/dom4j/dom4j/1.1/dom4j-1.1.jar:/Users/MacKolia/.m2/repository/oro/oro/2.0.8/oro-2.0.8.jar:/Users/MacKolia/.m2/repository/sslext/sslext/1.2-0/sslext-1.2-0.jar:/Users/MacKolia/.m2/repository/org/apache/struts/struts-core/1.3.8/struts-core-1.3.8.jar:/Users/MacKolia/.m2/repository/antlr/antlr/2.7.2/antlr-2.7.2.jar:/Users/MacKolia/.m2/repository/org/apache/struts/struts-taglib/1.3.8/struts-taglib-1.3.8.jar:/Users/MacKolia/.m2/repository/org/apache/struts/struts-tiles/1.3.8/struts-tiles-1.3.8.jar:/Users/MacKolia/.m2/repository/commons-collections/commons-collections/3.2.1/commons-collections-3.2.1.jar:/Users/MacKolia/.m2/repository/org/apache/maven/doxia/doxia-integration-tools/1.8.1/doxia-integration-tools-1.8.1.jar:/Users/MacKolia/.m2/repository/org/apache/maven/wagon/wagon-provider-api/1.0/wagon-provider-api-1.0.jar:/Users/MacKolia/.m2/repository/org/mortbay/jetty/jetty/6.1.25/jetty-6.1.25.jar:/Users/MacKolia/.m2/repository/org/mortbay/jetty/servlet-api/2.5-20081211/servlet-api-2.5-20081211.jar:/Users/MacKolia/.m2/repository/org/mortbay/jetty/jetty-util/6.1.25/jetty-util-6.1.25.jar:/Users/MacKolia/.m2/repository/com/googlecode/json-simple/json-simple/1.1.1/json-simple-1.1.1.jar:/Users/MacKolia/.m2/repository/junit/junit/4.10/junit-4.10.jar:/Users/MacKolia/.m2/repository/io/qameta/allure/allure-junit5/2.9.0/allure-junit5-2.9.0.jar:/Users/MacKolia/.m2/repository/io/qameta/allure/allure-junit-platform/2.9.0/allure-junit-platform-2.9.0.jar:/Users/MacKolia/.m2/repository/org/apache/maven/plugins/maven-compiler-plugin/3.8.0/maven-compiler-plugin-3.8.0.jar:/Users/MacKolia/.m2/repository/org/apache/maven/maven-artifact/3.0/maven-artifact-3.0.jar:/Users/MacKolia/.m2/repository/org/apache/maven/shared/maven-shared-incremental/1.1/maven-shared-incremental-1.1.jar:/Users/MacKolia/.m2/repository/org/codehaus/plexus/plexus-java/0.9.10/plexus-java-0.9.10.jar:/Users/MacKolia/.m2/repository/org/ow2/asm/asm/6.2/asm-6.2.jar:/Users/MacKolia/.m2/repository/com/thoughtworks/qdox/qdox/2.0-M8/qdox-2.0-M8.jar:/Users/MacKolia/.m2/repository/org/codehaus/plexus/plexus-compiler-api/2.8.4/plexus-compiler-api-2.8.4.jar:/Users/MacKolia/.m2/repository/org/codehaus/plexus/plexus-compiler-manager/2.8.4/plexus-compiler-manager-2.8.4.jar:/Users/MacKolia/.m2/repository/org/codehaus/plexus/plexus-compiler-javac/2.8.4/plexus-compiler-javac-2.8.4.jar:/Users/MacKolia/.m2/repository/com/google/guava/guava/23.0/guava-23.0.jar:/Users/MacKolia/.m2/repository/com/google/code/findbugs/jsr305/1.3.9/jsr305-1.3.9.jar:/Users/MacKolia/.m2/repository/com/google/errorprone/error_prone_annotations/2.0.18/error_prone_annotations-2.0.18.jar:/Users/MacKolia/.m2/repository/com/google/j2objc/j2objc-annotations/1.1/j2objc-annotations-1.1.jar:/Users/MacKolia/.m2/repository/org/codehaus/mojo/animal-sniffer-annotations/1.14/animal-sniffer-annotations-1.14.jar:/Users/MacKolia/.m2/repository/io/qameta/allure/allure-rest-assured/2.8.1/allure-rest-assured-2.8.1.jar:/Users/MacKolia/.m2/repository/io/qameta/allure/allure-attachments/2.8.1/allure-attachments-2.8.1.jar:/Users/MacKolia/.m2/repository/org/freemarker/freemarker/2.3.28/freemarker-2.3.28.jar:/Users/MacKolia/.m2/repository/io/rest-assured/rest-assured/3.3.0/rest-assured-3.3.0.jar:/Users/MacKolia/.m2/repository/org/codehaus/groovy/groovy/2.4.15/groovy-2.4.15.jar:/Users/MacKolia/.m2/repository/org/codehaus/groovy/groovy-xml/2.4.15/groovy-xml-2.4.15.jar:/Users/MacKolia/.m2/repository/org/hamcrest/hamcrest-core/1.3/hamcrest-core-1.3.jar:/Users/MacKolia/.m2/repository/org/hamcrest/hamcrest-library/1.3/hamcrest-library-1.3.jar:/Users/MacKolia/.m2/repository/org/ccil/cowan/tagsoup/tagsoup/1.2.1/tagsoup-1.2.1.jar:/Users/MacKolia/.m2/repository/io/rest-assured/json-path/3.3.0/json-path-3.3.0.jar:/Users/MacKolia/.m2/repository/org/codehaus/groovy/groovy-json/2.4.15/groovy-json-2.4.15.jar:/Users/MacKolia/.m2/repository/io/rest-assured/rest-assured-common/3.3.0/rest-assured-common-3.3.0.jar:/Users/MacKolia/.m2/repository/io/rest-assured/xml-path/3.3.0/xml-path-3.3.0.jar:/Users/MacKolia/.m2/repository/com/sun/xml/bind/jaxb-osgi/2.2.10/jaxb-osgi-2.2.10.jar:/Users/MacKolia/.m2/repository/org/apache/sling/org.apache.sling.javax.activation/0.1.0/org.apache.sling.javax.activation-0.1.0.jar:/Users/MacKolia/.m2/repository/javax/activation/activation/1.1.1/activation-1.1.1.jar:/Users/MacKolia/.m2/repository/org/seleniumhq/selenium/selenium-java/3.141.59/selenium-java-3.141.59.jar:/Users/MacKolia/.m2/repository/org/seleniumhq/selenium/selenium-api/3.141.59/selenium-api-3.141.59.jar:/Users/MacKolia/.m2/repository/org/seleniumhq/selenium/selenium-chrome-driver/3.141.59/selenium-chrome-driver-3.141.59.jar:/Users/MacKolia/.m2/repository/org/seleniumhq/selenium/selenium-edge-driver/3.141.59/selenium-edge-driver-3.141.59.jar:/Users/MacKolia/.m2/repository/org/seleniumhq/selenium/selenium-firefox-driver/3.141.59/selenium-firefox-driver-3.141.59.jar:/Users/MacKolia/.m2/repository/org/seleniumhq/selenium/selenium-ie-driver/3.141.59/selenium-ie-driver-3.141.59.jar:/Users/MacKolia/.m2/repository/org/seleniumhq/selenium/selenium-opera-driver/3.141.59/selenium-opera-driver-3.141.59.jar:/Users/MacKolia/.m2/repository/org/seleniumhq/selenium/selenium-safari-driver/3.141.59/selenium-safari-driver-3.141.59.jar:/Users/MacKolia/.m2/repository/org/seleniumhq/selenium/selenium-support/3.141.59/selenium-support-3.141.59.jar:/Users/MacKolia/.m2/repository/net/bytebuddy/byte-buddy/1.8.15/byte-buddy-1.8.15.jar:/Users/MacKolia/.m2/repository/org/apache/commons/commons-exec/1.3/commons-exec-1.3.jar:/Users/MacKolia/.m2/repository/com/squareup/okhttp3/okhttp/3.11.0/okhttp-3.11.0.jar:/Users/MacKolia/.m2/repository/com/squareup/okio/okio/1.14.0/okio-1.14.0.jar:/Users/MacKolia/.m2/repository/org/seleniumhq/selenium/selenium-remote-driver/3.141.59/selenium-remote-driver-3.141.59.jar:/Users/MacKolia/.m2/repository/com/codeborne/selenide/5.1.0/selenide-5.1.0.jar:/Users/MacKolia/.m2/repository/io/github/bonigarcia/webdrivermanager/3.1.1/webdrivermanager-3.1.1.jar:/Users/MacKolia/.m2/repository/com/google/code/gson/gson/2.8.5/gson-2.8.5.jar:/Users/MacKolia/.m2/repository/org/rauschig/jarchivelib/0.8.0/jarchivelib-0.8.0.jar:/Users/MacKolia/.m2/repository/org/jsoup/jsoup/1.11.3/jsoup-1.11.3.jar:/Users/MacKolia/.m2/repository/net/lightbody/bmp/browsermob-core/2.1.5/browsermob-core-2.1.5.jar:/Users/MacKolia/.m2/repository/net/lightbody/bmp/littleproxy/1.1.0-beta-bmp-17/littleproxy-1.1.0-beta-bmp-17.jar:/Users/MacKolia/.m2/repository/dnsjava/dnsjava/2.1.8/dnsjava-2.1.8.jar:/Users/MacKolia/.m2/repository/org/slf4j/jcl-over-slf4j/1.7.25/jcl-over-slf4j-1.7.25.jar:/Users/MacKolia/.m2/repository/com/jcraft/jzlib/1.1.3/jzlib-1.1.3.jar:/Users/MacKolia/.m2/repository/io/netty/netty-all/4.0.51.Final/netty-all-4.0.51.Final.jar:/Users/MacKolia/.m2/repository/org/bouncycastle/bcprov-jdk15on/1.58/bcprov-jdk15on-1.58.jar:/Users/MacKolia/.m2/repository/org/bouncycastle/bcpkix-jdk15on/1.58/bcpkix-jdk15on-1.58.jar:/Users/MacKolia/.m2/repository/net/lightbody/bmp/mitm/2.1.5/mitm-2.1.5.jar:/Users/MacKolia/.m2/repository/io/qameta/allure/allure-java-commons/2.13.7/allure-java-commons-2.13.7.jar:/Users/MacKolia/.m2/repository/io/qameta/allure/allure-model/2.13.7/allure-model-2.13.7.jar:/Users/MacKolia/.m2/repository/org/slf4j/slf4j-api/1.7.30/slf4j-api-1.7.30.jar:/Users/MacKolia/.m2/repository/org/apache/tika/tika-core/1.24.1/tika-core-1.24.1.jar:/Users/MacKolia/.m2/repository/org/jooq/joor-java-8/0.9.13/joor-java-8-0.9.13.jar:/Users/MacKolia/.m2/repository/org/aeonbits/owner/owner/1.0.9/owner-1.0.9.jar:/Users/MacKolia/.m2/repository/org/assertj/assertj-core/3.18.1/assertj-core-3.18.1.jar:/Users/MacKolia/.m2/repository/org/aspectj/aspectjweaver/1.8.10/aspectjweaver-1.8.10.jar:/Users/MacKolia/.m2/repository/io/javaslang/javaslang/2.0.6/javaslang-2.0.6.jar:/Users/MacKolia/.m2/repository/io/javaslang/javaslang-match/2.0.6/javaslang-match-2.0.6.jar:/Users/MacKolia/.m2/repository/javax/xml/bind/jaxb-api/2.3.0/jaxb-api-2.3.0.jar:/Users/MacKolia/.m2/repository/org/projectlombok/lombok/1.18.2/lombok-1.18.2.jar:/Users/MacKolia/.m2/repository/org/junit/jupiter/junit-jupiter-api/5.4.0/junit-jupiter-api-5.4.0.jar:/Users/MacKolia/.m2/repository/org/apiguardian/apiguardian-api/1.0.0/apiguardian-api-1.0.0.jar:/Users/MacKolia/.m2/repository/org/opentest4j/opentest4j/1.1.1/opentest4j-1.1.1.jar:/Users/MacKolia/.m2/repository/org/junit/platform/junit-platform-launcher/1.4.0/junit-platform-launcher-1.4.0.jar:/Users/MacKolia/.m2/repository/org/junit/platform/junit-platform-engine/1.4.0/junit-platform-engine-1.4.0.jar:/Users/MacKolia/.m2/repository/org/junit/jupiter/junit-jupiter-engine/5.4.0/junit-jupiter-engine-5.4.0.jar:/Users/MacKolia/.m2/repository/org/junit/jupiter/junit-jupiter-params/5.4.0/junit-jupiter-params-5.4.0.jar:/Users/MacKolia/.m2/repository/org/junit/platform/junit-platform-commons/1.4.0/junit-platform-commons-1.4.0.jar:/Users/MacKolia/.m2/repository/org/junit/platform/junit-platform-runner/1.4.0/junit-platform-runner-1.4.0.jar:/Users/MacKolia/.m2/repository/org/junit/platform/junit-platform-suite-api/1.4.0/junit-platform-suite-api-1.4.0.jar:/Users/MacKolia/.m2/repository/com/fasterxml/jackson/core/jackson-core/2.9.8/jackson-core-2.9.8.jar:/Users/MacKolia/.m2/repository/com/fasterxml/jackson/core/jackson-databind/2.9.8/jackson-databind-2.9.8.jar:/Users/MacKolia/.m2/repository/com/fasterxml/jackson/core/jackson-annotations/2.9.8/jackson-annotations-2.9.8.jar:"/>
    <property name="java.vm.vendor" value="Oracle Corporation"/>
    <property name="sun.arch.data.model" value="64"/>
    <property name="java.vendor.url" value="http://java.oracle.com/"/>
    <property name="user.timezone" value="Europe/Kiev"/>
    <property name="java.vm.specification.version" value="1.8"/>
    <property name="os.name" value="Mac OS X"/>
    <property name="user.country" value="UA"/>
    <property name="sun.java.launcher" value="SUN_STANDARD"/>
    <property name="sun.boot.library.path" value="/Library/Java/JavaVirtualMachines/jdk1.8.0_211.jdk/Contents/Home/jre/lib"/>
    <property name="sun.java.command" value="/Users/MacKolia/Documents/IntelliJ IDEA projects/Amazon/amazon/target/surefire/surefirebooter1342854024049926072.jar /Users/MacKolia/Documents/IntelliJ IDEA projects/Amazon/amazon/target/surefire 2020-12-16T13-50-21_624-jvmRun1 surefire5967280927091862251tmp surefire_05932099302918061269tmp"/>
    <property name="http.nonProxyHosts" value="local|*.local|169.254/16|*.169.254/16"/>
    <property name="surefire.test.class.path" value="/Users/MacKolia/Documents/IntelliJ IDEA projects/Amazon/amazon/target/test-classes:/Users/MacKolia/Documents/IntelliJ IDEA projects/Amazon/amazon/target/classes:/Users/MacKolia/.m2/repository/org/apache/httpcomponents/httpclient/4.5.3/httpclient-4.5.3.jar:/Users/MacKolia/.m2/repository/org/apache/httpcomponents/httpcore/4.4.6/httpcore-4.4.6.jar:/Users/MacKolia/.m2/repository/commons-logging/commons-logging/1.2/commons-logging-1.2.jar:/Users/MacKolia/.m2/repository/commons-codec/commons-codec/1.9/commons-codec-1.9.jar:/Users/MacKolia/.m2/repository/javax/ws/rs/javax.ws.rs-api/2.1.1/javax.ws.rs-api-2.1.1.jar:/Users/MacKolia/.m2/repository/com/j2html/j2html/1.2.2/j2html-1.2.2.jar:/Users/MacKolia/.m2/repository/org/json/json/20170516/json-20170516.jar:/Users/MacKolia/.m2/repository/net/sourceforge/htmlunit/htmlunit/2.27/htmlunit-2.27.jar:/Users/MacKolia/.m2/repository/xalan/xalan/2.7.2/xalan-2.7.2.jar:/Users/MacKolia/.m2/repository/xalan/serializer/2.7.2/serializer-2.7.2.jar:/Users/MacKolia/.m2/repository/org/apache/commons/commons-lang3/3.5/commons-lang3-3.5.jar:/Users/MacKolia/.m2/repository/org/apache/httpcomponents/httpmime/4.5.3/httpmime-4.5.3.jar:/Users/MacKolia/.m2/repository/net/sourceforge/htmlunit/htmlunit-core-js/2.27/htmlunit-core-js-2.27.jar:/Users/MacKolia/.m2/repository/net/sourceforge/htmlunit/neko-htmlunit/2.27/neko-htmlunit-2.27.jar:/Users/MacKolia/.m2/repository/xerces/xercesImpl/2.11.0/xercesImpl-2.11.0.jar:/Users/MacKolia/.m2/repository/xml-apis/xml-apis/1.4.01/xml-apis-1.4.01.jar:/Users/MacKolia/.m2/repository/net/sourceforge/cssparser/cssparser/0.9.23/cssparser-0.9.23.jar:/Users/MacKolia/.m2/repository/org/w3c/css/sac/1.3/sac-1.3.jar:/Users/MacKolia/.m2/repository/commons-io/commons-io/2.5/commons-io-2.5.jar:/Users/MacKolia/.m2/repository/org/eclipse/jetty/websocket/websocket-client/9.4.5.v20170502/websocket-client-9.4.5.v20170502.jar:/Users/MacKolia/.m2/repository/org/eclipse/jetty/jetty-util/9.4.5.v20170502/jetty-util-9.4.5.v20170502.jar:/Users/MacKolia/.m2/repository/org/eclipse/jetty/jetty-io/9.4.5.v20170502/jetty-io-9.4.5.v20170502.jar:/Users/MacKolia/.m2/repository/org/eclipse/jetty/jetty-client/9.4.5.v20170502/jetty-client-9.4.5.v20170502.jar:/Users/MacKolia/.m2/repository/org/eclipse/jetty/jetty-http/9.4.5.v20170502/jetty-http-9.4.5.v20170502.jar:/Users/MacKolia/.m2/repository/org/eclipse/jetty/websocket/websocket-common/9.4.5.v20170502/websocket-common-9.4.5.v20170502.jar:/Users/MacKolia/.m2/repository/org/eclipse/jetty/websocket/websocket-api/9.4.5.v20170502/websocket-api-9.4.5.v20170502.jar:/Users/MacKolia/.m2/repository/com/membership/core/1.0/core-1.0.jar:/Users/MacKolia/.m2/repository/org/apache/logging/log4j/log4j-core/2.11.1/log4j-core-2.11.1.jar:/Users/MacKolia/.m2/repository/org/apache/logging/log4j/log4j-api/2.11.1/log4j-api-2.11.1.jar:/Users/MacKolia/.m2/repository/org/jboss/aerogear/aerogear-otp-java/1.0.0/aerogear-otp-java-1.0.0.jar:/Users/MacKolia/.m2/repository/org/apache/commons/commons-csv/1.5/commons-csv-1.5.jar:/Users/MacKolia/.m2/repository/org/apache/poi/poi/4.1.0/poi-4.1.0.jar:/Users/MacKolia/.m2/repository/org/apache/commons/commons-collections4/4.3/commons-collections4-4.3.jar:/Users/MacKolia/.m2/repository/org/apache/commons/commons-math3/3.6.1/commons-math3-3.6.1.jar:/Users/MacKolia/.m2/repository/org/apache/poi/poi-ooxml/4.1.0/poi-ooxml-4.1.0.jar:/Users/MacKolia/.m2/repository/org/apache/poi/poi-ooxml-schemas/4.1.0/poi-ooxml-schemas-4.1.0.jar:/Users/MacKolia/.m2/repository/org/apache/xmlbeans/xmlbeans/3.1.0/xmlbeans-3.1.0.jar:/Users/MacKolia/.m2/repository/org/apache/commons/commons-compress/1.18/commons-compress-1.18.jar:/Users/MacKolia/.m2/repository/com/github/virtuald/curvesapi/1.06/curvesapi-1.06.jar:/Users/MacKolia/.m2/repository/org/apache/maven/plugins/maven-site-plugin/3.7.1/maven-site-plugin-3.7.1.jar:/Users/MacKolia/.m2/repository/org/apache/maven/reporting/maven-reporting-exec/1.4/maven-reporting-exec-1.4.jar:/Users/MacKolia/.m2/repository/org/apache/maven/reporting/maven-reporting-api/3.0/maven-reporting-api-3.0.jar:/Users/MacKolia/.m2/repository/org/sonatype/aether/aether-util/1.7/aether-util-1.7.jar:/Users/MacKolia/.m2/repository/org/eclipse/aether/aether-util/0.9.0.M2/aether-util-0.9.0.M2.jar:/Users/MacKolia/.m2/repository/org/apache/maven/shared/maven-shared-utils/3.1.0/maven-shared-utils-3.1.0.jar:/Users/MacKolia/.m2/repository/org/apache/maven/maven-core/3.0/maven-core-3.0.jar:/Users/MacKolia/.m2/repository/org/apache/maven/maven-repository-metadata/3.0/maven-repository-metadata-3.0.jar:/Users/MacKolia/.m2/repository/org/apache/maven/maven-model-builder/3.0/maven-model-builder-3.0.jar:/Users/MacKolia/.m2/repository/org/apache/maven/maven-aether-provider/3.0/maven-aether-provider-3.0.jar:/Users/MacKolia/.m2/repository/org/sonatype/aether/aether-impl/1.7/aether-impl-1.7.jar:/Users/MacKolia/.m2/repository/org/sonatype/aether/aether-spi/1.7/aether-spi-1.7.jar:/Users/MacKolia/.m2/repository/org/sonatype/aether/aether-api/1.7/aether-api-1.7.jar:/Users/MacKolia/.m2/repository/org/codehaus/plexus/plexus-interpolation/1.14/plexus-interpolation-1.14.jar:/Users/MacKolia/.m2/repository/org/codehaus/plexus/plexus-component-annotations/1.5.5/plexus-component-annotations-1.5.5.jar:/Users/MacKolia/.m2/repository/org/sonatype/plexus/plexus-sec-dispatcher/1.3/plexus-sec-dispatcher-1.3.jar:/Users/MacKolia/.m2/repository/org/sonatype/plexus/plexus-cipher/1.4/plexus-cipher-1.4.jar:/Users/MacKolia/.m2/repository/org/apache/maven/maven-model/3.0/maven-model-3.0.jar:/Users/MacKolia/.m2/repository/org/apache/maven/maven-plugin-api/3.0/maven-plugin-api-3.0.jar:/Users/MacKolia/.m2/repository/org/apache/maven/maven-settings/3.0/maven-settings-3.0.jar:/Users/MacKolia/.m2/repository/org/apache/maven/maven-settings-builder/3.0/maven-settings-builder-3.0.jar:/Users/MacKolia/.m2/repository/org/apache/maven/maven-archiver/3.1.1/maven-archiver-3.1.1.jar:/Users/MacKolia/.m2/repository/org/sonatype/sisu/sisu-inject-plexus/1.4.2/sisu-inject-plexus-1.4.2.jar:/Users/MacKolia/.m2/repository/org/sonatype/sisu/sisu-inject-bean/1.4.2/sisu-inject-bean-1.4.2.jar:/Users/MacKolia/.m2/repository/org/sonatype/sisu/sisu-guice/2.1.7/sisu-guice-2.1.7-noaop.jar:/Users/MacKolia/.m2/repository/org/codehaus/plexus/plexus-archiver/3.4/plexus-archiver-3.4.jar:/Users/MacKolia/.m2/repository/org/codehaus/plexus/plexus-io/2.7.1/plexus-io-2.7.1.jar:/Users/MacKolia/.m2/repository/org/iq80/snappy/snappy/0.4/snappy-0.4.jar:/Users/MacKolia/.m2/repository/org/tukaani/xz/1.5/xz-1.5.jar:/Users/MacKolia/.m2/repository/org/codehaus/plexus/plexus-i18n/1.0-beta-10/plexus-i18n-1.0-beta-10.jar:/Users/MacKolia/.m2/repository/org/codehaus/plexus/plexus-utils/3.0.24/plexus-utils-3.0.24.jar:/Users/MacKolia/.m2/repository/org/codehaus/plexus/plexus-classworlds/2.5.2/plexus-classworlds-2.5.2.jar:/Users/MacKolia/.m2/repository/org/apache/maven/doxia/doxia-sink-api/1.8/doxia-sink-api-1.8.jar:/Users/MacKolia/.m2/repository/org/apache/maven/doxia/doxia-logging-api/1.8/doxia-logging-api-1.8.jar:/Users/MacKolia/.m2/repository/org/apache/maven/doxia/doxia-module-xhtml/1.8/doxia-module-xhtml-1.8.jar:/Users/MacKolia/.m2/repository/org/apache/maven/doxia/doxia-core/1.8/doxia-core-1.8.jar:/Users/MacKolia/.m2/repository/org/apache/maven/doxia/doxia-module-apt/1.8/doxia-module-apt-1.8.jar:/Users/MacKolia/.m2/repository/org/apache/maven/doxia/doxia-module-xdoc/1.8/doxia-module-xdoc-1.8.jar:/Users/MacKolia/.m2/repository/org/apache/maven/doxia/doxia-module-fml/1.8/doxia-module-fml-1.8.jar:/Users/MacKolia/.m2/repository/org/apache/maven/doxia/doxia-module-markdown/1.8/doxia-module-markdown-1.8.jar:/Users/MacKolia/.m2/repository/com/vladsch/flexmark/flexmark-all/0.18.4/flexmark-all-0.18.4.jar:/Users/MacKolia/.m2/repository/com/vladsch/flexmark/flexmark/0.18.4/flexmark-0.18.4.jar:/Users/MacKolia/.m2/repository/com/vladsch/flexmark/flexmark-ext-abbreviation/0.18.4/flexmark-ext-abbreviation-0.18.4.jar:/Users/MacKolia/.m2/repository/com/vladsch/flexmark/flexmark-ext-anchorlink/0.18.4/flexmark-ext-anchorlink-0.18.4.jar:/Users/MacKolia/.m2/repository/com/vladsch/flexmark/flexmark-ext-aside/0.18.4/flexmark-ext-aside-0.18.4.jar:/Users/MacKolia/.m2/repository/com/vladsch/flexmark/flexmark-ext-autolink/0.18.4/flexmark-ext-autolink-0.18.4.jar:/Users/MacKolia/.m2/repository/org/nibor/autolink/autolink/0.6.0/autolink-0.6.0.jar:/Users/MacKolia/.m2/repository/com/vladsch/flexmark/flexmark-ext-definition/0.18.4/flexmark-ext-definition-0.18.4.jar:/Users/MacKolia/.m2/repository/com/vladsch/flexmark/flexmark-ext-emoji/0.18.4/flexmark-ext-emoji-0.18.4.jar:/Users/MacKolia/.m2/repository/com/vladsch/flexmark/flexmark-ext-escaped-character/0.18.4/flexmark-ext-escaped-character-0.18.4.jar:/Users/MacKolia/.m2/repository/com/vladsch/flexmark/flexmark-ext-footnotes/0.18.4/flexmark-ext-footnotes-0.18.4.jar:/Users/MacKolia/.m2/repository/com/vladsch/flexmark/flexmark-ext-gfm-strikethrough/0.18.4/flexmark-ext-gfm-strikethrough-0.18.4.jar:/Users/MacKolia/.m2/repository/com/vladsch/flexmark/flexmark-ext-gfm-tables/0.18.4/flexmark-ext-gfm-tables-0.18.4.jar:/Users/MacKolia/.m2/repository/com/vladsch/flexmark/flexmark-ext-gfm-tasklist/0.18.4/flexmark-ext-gfm-tasklist-0.18.4.jar:/Users/MacKolia/.m2/repository/com/vladsch/flexmark/flexmark-ext-jekyll-front-matter/0.18.4/flexmark-ext-jekyll-front-matter-0.18.4.jar:/Users/MacKolia/.m2/repository/com/vladsch/flexmark/flexmark-ext-jekyll-tag/0.18.4/flexmark-ext-jekyll-tag-0.18.4.jar:/Users/MacKolia/.m2/repository/com/vladsch/flexmark/flexmark-ext-ins/0.18.4/flexmark-ext-ins-0.18.4.jar:/Users/MacKolia/.m2/repository/com/vladsch/flexmark/flexmark-ext-xwiki-macros/0.18.4/flexmark-ext-xwiki-macros-0.18.4.jar:/Users/MacKolia/.m2/repository/com/vladsch/flexmark/flexmark-ext-spec-example/0.18.4/flexmark-ext-spec-example-0.18.4.jar:/Users/MacKolia/.m2/repository/com/vladsch/flexmark/flexmark-test-util/0.18.4/flexmark-test-util-0.18.4.jar:/Users/MacKolia/.m2/repository/com/vladsch/flexmark/flexmark-ext-superscript/0.18.4/flexmark-ext-superscript-0.18.4.jar:/Users/MacKolia/.m2/repository/com/vladsch/flexmark/flexmark-ext-tables/0.18.4/flexmark-ext-tables-0.18.4.jar:/Users/MacKolia/.m2/repository/com/vladsch/flexmark/flexmark-ext-toc/0.18.4/flexmark-ext-toc-0.18.4.jar:/Users/MacKolia/.m2/repository/com/vladsch/flexmark/flexmark-ext-typographic/0.18.4/flexmark-ext-typographic-0.18.4.jar:/Users/MacKolia/.m2/repository/com/vladsch/flexmark/flexmark-ext-wikilink/0.18.4/flexmark-ext-wikilink-0.18.4.jar:/Users/MacKolia/.m2/repository/com/vladsch/flexmark/flexmark-ext-yaml-front-matter/0.18.4/flexmark-ext-yaml-front-matter-0.18.4.jar:/Users/MacKolia/.m2/repository/com/vladsch/flexmark/flexmark-formatter/0.18.4/flexmark-formatter-0.18.4.jar:/Users/MacKolia/.m2/repository/com/vladsch/flexmark/flexmark-html-parser/0.18.4/flexmark-html-parser-0.18.4.jar:/Users/MacKolia/.m2/repository/com/vladsch/flexmark/flexmark-jira-converter/0.18.4/flexmark-jira-converter-0.18.4.jar:/Users/MacKolia/.m2/repository/com/vladsch/flexmark/flexmark-pdf-converter/0.18.4/flexmark-pdf-converter-0.18.4.jar:/Users/MacKolia/.m2/repository/com/openhtmltopdf/openhtmltopdf-core/0.0.1-RC9/openhtmltopdf-core-0.0.1-RC9.jar:/Users/MacKolia/.m2/repository/com/openhtmltopdf/openhtmltopdf-pdfbox/0.0.1-RC9/openhtmltopdf-pdfbox-0.0.1-RC9.jar:/Users/MacKolia/.m2/repository/org/apache/pdfbox/pdfbox/2.0.4/pdfbox-2.0.4.jar:/Users/MacKolia/.m2/repository/org/apache/pdfbox/fontbox/2.0.4/fontbox-2.0.4.jar:/Users/MacKolia/.m2/repository/com/openhtmltopdf/openhtmltopdf-rtl-support/0.0.1-RC9/openhtmltopdf-rtl-support-0.0.1-RC9.jar:/Users/MacKolia/.m2/repository/com/ibm/icu/icu4j/58.1/icu4j-58.1.jar:/Users/MacKolia/.m2/repository/com/openhtmltopdf/openhtmltopdf-jsoup-dom-converter/0.0.1-RC9/openhtmltopdf-jsoup-dom-converter-0.0.1-RC9.jar:/Users/MacKolia/.m2/repository/com/vladsch/flexmark/flexmark-profile-pegdown/0.18.4/flexmark-profile-pegdown-0.18.4.jar:/Users/MacKolia/.m2/repository/com/vladsch/flexmark/flexmark-util/0.18.4/flexmark-util-0.18.4.jar:/Users/MacKolia/.m2/repository/com/vladsch/flexmark/flexmark-youtrack-converter/0.18.4/flexmark-youtrack-converter-0.18.4.jar:/Users/MacKolia/.m2/repository/javax/servlet/servlet-api/2.5/servlet-api-2.5.jar:/Users/MacKolia/.m2/repository/org/apache/maven/doxia/doxia-decoration-model/1.8.1/doxia-decoration-model-1.8.1.jar:/Users/MacKolia/.m2/repository/org/apache/maven/doxia/doxia-site-renderer/1.8.1/doxia-site-renderer-1.8.1.jar:/Users/MacKolia/.m2/repository/org/apache/maven/doxia/doxia-skin-model/1.8.1/doxia-skin-model-1.8.1.jar:/Users/MacKolia/.m2/repository/org/codehaus/plexus/plexus-container-default/1.0-alpha-30/plexus-container-default-1.0-alpha-30.jar:/Users/MacKolia/.m2/repository/org/codehaus/plexus/plexus-velocity/1.2/plexus-velocity-1.2.jar:/Users/MacKolia/.m2/repository/org/apache/velocity/velocity/1.7/velocity-1.7.jar:/Users/MacKolia/.m2/repository/commons-lang/commons-lang/2.4/commons-lang-2.4.jar:/Users/MacKolia/.m2/repository/org/apache/velocity/velocity-tools/2.0/velocity-tools-2.0.jar:/Users/MacKolia/.m2/repository/commons-beanutils/commons-beanutils/1.7.0/commons-beanutils-1.7.0.jar:/Users/MacKolia/.m2/repository/commons-digester/commons-digester/1.8/commons-digester-1.8.jar:/Users/MacKolia/.m2/repository/commons-chain/commons-chain/1.1/commons-chain-1.1.jar:/Users/MacKolia/.m2/repository/commons-validator/commons-validator/1.3.1/commons-validator-1.3.1.jar:/Users/MacKolia/.m2/repository/dom4j/dom4j/1.1/dom4j-1.1.jar:/Users/MacKolia/.m2/repository/oro/oro/2.0.8/oro-2.0.8.jar:/Users/MacKolia/.m2/repository/sslext/sslext/1.2-0/sslext-1.2-0.jar:/Users/MacKolia/.m2/repository/org/apache/struts/struts-core/1.3.8/struts-core-1.3.8.jar:/Users/MacKolia/.m2/repository/antlr/antlr/2.7.2/antlr-2.7.2.jar:/Users/MacKolia/.m2/repository/org/apache/struts/struts-taglib/1.3.8/struts-taglib-1.3.8.jar:/Users/MacKolia/.m2/repository/org/apache/struts/struts-tiles/1.3.8/struts-tiles-1.3.8.jar:/Users/MacKolia/.m2/repository/commons-collections/commons-collections/3.2.1/commons-collections-3.2.1.jar:/Users/MacKolia/.m2/repository/org/apache/maven/doxia/doxia-integration-tools/1.8.1/doxia-integration-tools-1.8.1.jar:/Users/MacKolia/.m2/repository/org/apache/maven/wagon/wagon-provider-api/1.0/wagon-provider-api-1.0.jar:/Users/MacKolia/.m2/repository/org/mortbay/jetty/jetty/6.1.25/jetty-6.1.25.jar:/Users/MacKolia/.m2/repository/org/mortbay/jetty/servlet-api/2.5-20081211/servlet-api-2.5-20081211.jar:/Users/MacKolia/.m2/repository/org/mortbay/jetty/jetty-util/6.1.25/jetty-util-6.1.25.jar:/Users/MacKolia/.m2/repository/com/googlecode/json-simple/json-simple/1.1.1/json-simple-1.1.1.jar:/Users/MacKolia/.m2/repository/junit/junit/4.10/junit-4.10.jar:/Users/MacKolia/.m2/repository/io/qameta/allure/allure-junit5/2.9.0/allure-junit5-2.9.0.jar:/Users/MacKolia/.m2/repository/io/qameta/allure/allure-junit-platform/2.9.0/allure-junit-platform-2.9.0.jar:/Users/MacKolia/.m2/repository/org/apache/maven/plugins/maven-compiler-plugin/3.8.0/maven-compiler-plugin-3.8.0.jar:/Users/MacKolia/.m2/repository/org/apache/maven/maven-artifact/3.0/maven-artifact-3.0.jar:/Users/MacKolia/.m2/repository/org/apache/maven/shared/maven-shared-incremental/1.1/maven-shared-incremental-1.1.jar:/Users/MacKolia/.m2/repository/org/codehaus/plexus/plexus-java/0.9.10/plexus-java-0.9.10.jar:/Users/MacKolia/.m2/repository/org/ow2/asm/asm/6.2/asm-6.2.jar:/Users/MacKolia/.m2/repository/com/thoughtworks/qdox/qdox/2.0-M8/qdox-2.0-M8.jar:/Users/MacKolia/.m2/repository/org/codehaus/plexus/plexus-compiler-api/2.8.4/plexus-compiler-api-2.8.4.jar:/Users/MacKolia/.m2/repository/org/codehaus/plexus/plexus-compiler-manager/2.8.4/plexus-compiler-manager-2.8.4.jar:/Users/MacKolia/.m2/repository/org/codehaus/plexus/plexus-compiler-javac/2.8.4/plexus-compiler-javac-2.8.4.jar:/Users/MacKolia/.m2/repository/com/google/guava/guava/23.0/guava-23.0.jar:/Users/MacKolia/.m2/repository/com/google/code/findbugs/jsr305/1.3.9/jsr305-1.3.9.jar:/Users/MacKolia/.m2/repository/com/google/errorprone/error_prone_annotations/2.0.18/error_prone_annotations-2.0.18.jar:/Users/MacKolia/.m2/repository/com/google/j2objc/j2objc-annotations/1.1/j2objc-annotations-1.1.jar:/Users/MacKolia/.m2/repository/org/codehaus/mojo/animal-sniffer-annotations/1.14/animal-sniffer-annotations-1.14.jar:/Users/MacKolia/.m2/repository/io/qameta/allure/allure-rest-assured/2.8.1/allure-rest-assured-2.8.1.jar:/Users/MacKolia/.m2/repository/io/qameta/allure/allure-attachments/2.8.1/allure-attachments-2.8.1.jar:/Users/MacKolia/.m2/repository/org/freemarker/freemarker/2.3.28/freemarker-2.3.28.jar:/Users/MacKolia/.m2/repository/io/rest-assured/rest-assured/3.3.0/rest-assured-3.3.0.jar:/Users/MacKolia/.m2/repository/org/codehaus/groovy/groovy/2.4.15/groovy-2.4.15.jar:/Users/MacKolia/.m2/repository/org/codehaus/groovy/groovy-xml/2.4.15/groovy-xml-2.4.15.jar:/Users/MacKolia/.m2/repository/org/hamcrest/hamcrest-core/1.3/hamcrest-core-1.3.jar:/Users/MacKolia/.m2/repository/org/hamcrest/hamcrest-library/1.3/hamcrest-library-1.3.jar:/Users/MacKolia/.m2/repository/org/ccil/cowan/tagsoup/tagsoup/1.2.1/tagsoup-1.2.1.jar:/Users/MacKolia/.m2/repository/io/rest-assured/json-path/3.3.0/json-path-3.3.0.jar:/Users/MacKolia/.m2/repository/org/codehaus/groovy/groovy-json/2.4.15/groovy-json-2.4.15.jar:/Users/MacKolia/.m2/repository/io/rest-assured/rest-assured-common/3.3.0/rest-assured-common-3.3.0.jar:/Users/MacKolia/.m2/repository/io/rest-assured/xml-path/3.3.0/xml-path-3.3.0.jar:/Users/MacKolia/.m2/repository/com/sun/xml/bind/jaxb-osgi/2.2.10/jaxb-osgi-2.2.10.jar:/Users/MacKolia/.m2/repository/org/apache/sling/org.apache.sling.javax.activation/0.1.0/org.apache.sling.javax.activation-0.1.0.jar:/Users/MacKolia/.m2/repository/javax/activation/activation/1.1.1/activation-1.1.1.jar:/Users/MacKolia/.m2/repository/org/seleniumhq/selenium/selenium-java/3.141.59/selenium-java-3.141.59.jar:/Users/MacKolia/.m2/repository/org/seleniumhq/selenium/selenium-api/3.141.59/selenium-api-3.141.59.jar:/Users/MacKolia/.m2/repository/org/seleniumhq/selenium/selenium-chrome-driver/3.141.59/selenium-chrome-driver-3.141.59.jar:/Users/MacKolia/.m2/repository/org/seleniumhq/selenium/selenium-edge-driver/3.141.59/selenium-edge-driver-3.141.59.jar:/Users/MacKolia/.m2/repository/org/seleniumhq/selenium/selenium-firefox-driver/3.141.59/selenium-firefox-driver-3.141.59.jar:/Users/MacKolia/.m2/repository/org/seleniumhq/selenium/selenium-ie-driver/3.141.59/selenium-ie-driver-3.141.59.jar:/Users/MacKolia/.m2/repository/org/seleniumhq/selenium/selenium-opera-driver/3.141.59/selenium-opera-driver-3.141.59.jar:/Users/MacKolia/.m2/repository/org/seleniumhq/selenium/selenium-safari-driver/3.141.59/selenium-safari-driver-3.141.59.jar:/Users/MacKolia/.m2/repository/org/seleniumhq/selenium/selenium-support/3.141.59/selenium-support-3.141.59.jar:/Users/MacKolia/.m2/repository/net/bytebuddy/byte-buddy/1.8.15/byte-buddy-1.8.15.jar:/Users/MacKolia/.m2/repository/org/apache/commons/commons-exec/1.3/commons-exec-1.3.jar:/Users/MacKolia/.m2/repository/com/squareup/okhttp3/okhttp/3.11.0/okhttp-3.11.0.jar:/Users/MacKolia/.m2/repository/com/squareup/okio/okio/1.14.0/okio-1.14.0.jar:/Users/MacKolia/.m2/repository/org/seleniumhq/selenium/selenium-remote-driver/3.141.59/selenium-remote-driver-3.141.59.jar:/Users/MacKolia/.m2/repository/com/codeborne/selenide/5.1.0/selenide-5.1.0.jar:/Users/MacKolia/.m2/repository/io/github/bonigarcia/webdrivermanager/3.1.1/webdrivermanager-3.1.1.jar:/Users/MacKolia/.m2/repository/com/google/code/gson/gson/2.8.5/gson-2.8.5.jar:/Users/MacKolia/.m2/repository/org/rauschig/jarchivelib/0.8.0/jarchivelib-0.8.0.jar:/Users/MacKolia/.m2/repository/org/jsoup/jsoup/1.11.3/jsoup-1.11.3.jar:/Users/MacKolia/.m2/repository/net/lightbody/bmp/browsermob-core/2.1.5/browsermob-core-2.1.5.jar:/Users/MacKolia/.m2/repository/net/lightbody/bmp/littleproxy/1.1.0-beta-bmp-17/littleproxy-1.1.0-beta-bmp-17.jar:/Users/MacKolia/.m2/repository/dnsjava/dnsjava/2.1.8/dnsjava-2.1.8.jar:/Users/MacKolia/.m2/repository/org/slf4j/jcl-over-slf4j/1.7.25/jcl-over-slf4j-1.7.25.jar:/Users/MacKolia/.m2/repository/com/jcraft/jzlib/1.1.3/jzlib-1.1.3.jar:/Users/MacKolia/.m2/repository/io/netty/netty-all/4.0.51.Final/netty-all-4.0.51.Final.jar:/Users/MacKolia/.m2/repository/org/bouncycastle/bcprov-jdk15on/1.58/bcprov-jdk15on-1.58.jar:/Users/MacKolia/.m2/repository/org/bouncycastle/bcpkix-jdk15on/1.58/bcpkix-jdk15on-1.58.jar:/Users/MacKolia/.m2/repository/net/lightbody/bmp/mitm/2.1.5/mitm-2.1.5.jar:/Users/MacKolia/.m2/repository/io/qameta/allure/allure-java-commons/2.13.7/allure-java-commons-2.13.7.jar:/Users/MacKolia/.m2/repository/io/qameta/allure/allure-model/2.13.7/allure-model-2.13.7.jar:/Users/MacKolia/.m2/repository/org/slf4j/slf4j-api/1.7.30/slf4j-api-1.7.30.jar:/Users/MacKolia/.m2/repository/org/apache/tika/tika-core/1.24.1/tika-core-1.24.1.jar:/Users/MacKolia/.m2/repository/org/jooq/joor-java-8/0.9.13/joor-java-8-0.9.13.jar:/Users/MacKolia/.m2/repository/org/aeonbits/owner/owner/1.0.9/owner-1.0.9.jar:/Users/MacKolia/.m2/repository/org/assertj/assertj-core/3.18.1/assertj-core-3.18.1.jar:/Users/MacKolia/.m2/repository/org/aspectj/aspectjweaver/1.8.10/aspectjweaver-1.8.10.jar:/Users/MacKolia/.m2/repository/io/javaslang/javaslang/2.0.6/javaslang-2.0.6.jar:/Users/MacKolia/.m2/repository/io/javaslang/javaslang-match/2.0.6/javaslang-match-2.0.6.jar:/Users/MacKolia/.m2/repository/javax/xml/bind/jaxb-api/2.3.0/jaxb-api-2.3.0.jar:/Users/MacKolia/.m2/repository/org/projectlombok/lombok/1.18.2/lombok-1.18.2.jar:/Users/MacKolia/.m2/repository/org/junit/jupiter/junit-jupiter-api/5.4.0/junit-jupiter-api-5.4.0.jar:/Users/MacKolia/.m2/repository/org/apiguardian/apiguardian-api/1.0.0/apiguardian-api-1.0.0.jar:/Users/MacKolia/.m2/repository/org/opentest4j/opentest4j/1.1.1/opentest4j-1.1.1.jar:/Users/MacKolia/.m2/repository/org/junit/platform/junit-platform-launcher/1.4.0/junit-platform-launcher-1.4.0.jar:/Users/MacKolia/.m2/repository/org/junit/platform/junit-platform-engine/1.4.0/junit-platform-engine-1.4.0.jar:/Users/MacKolia/.m2/repository/org/junit/jupiter/junit-jupiter-engine/5.4.0/junit-jupiter-engine-5.4.0.jar:/Users/MacKolia/.m2/repository/org/junit/jupiter/junit-jupiter-params/5.4.0/junit-jupiter-params-5.4.0.jar:/Users/MacKolia/.m2/repository/org/junit/platform/junit-platform-commons/1.4.0/junit-platform-commons-1.4.0.jar:/Users/MacKolia/.m2/repository/org/junit/platform/junit-platform-runner/1.4.0/junit-platform-runner-1.4.0.jar:/Users/MacKolia/.m2/repository/org/junit/platform/junit-platform-suite-api/1.4.0/junit-platform-suite-api-1.4.0.jar:/Users/MacKolia/.m2/repository/com/fasterxml/jackson/core/jackson-core/2.9.8/jackson-core-2.9.8.jar:/Users/MacKolia/.m2/repository/com/fasterxml/jackson/core/jackson-databind/2.9.8/jackson-databind-2.9.8.jar:/Users/MacKolia/.m2/repository/com/fasterxml/jackson/core/jackson-annotations/2.9.8/jackson-annotations-2.9.8.jar:"/>
    <property name="sun.cpu.endian" value="little"/>
    <property name="user.home" value="/Users/MacKolia"/>
    <property name="user.language" value="ru"/>
    <property name="java.specification.vendor" value="Oracle Corporation"/>
    <property name="java.home" value="/Library/Java/JavaVirtualMachines/jdk1.8.0_211.jdk/Contents/Home/jre"/>
    <property name="basedir" value="/Users/MacKolia/Documents/IntelliJ IDEA projects/Amazon/amazon"/>
    <property name="file.separator" value="/"/>
    <property name="line.separator" value="&#10;"/>
    <property name="tests" value="regression"/>
    <property name="java.vm.specification.vendor" value="Oracle Corporation"/>
    <property name="java.specification.name" value="Java Platform API Specification"/>
    <property name="java.awt.graphicsenv" value="sun.awt.CGraphicsEnvironment"/>
    <property name="surefire.real.class.path" value="/Users/MacKolia/Documents/IntelliJ IDEA projects/Amazon/amazon/target/surefire/surefirebooter1342854024049926072.jar:/Users/MacKolia/.m2/repository/org/aspectj/aspectjweaver/1.8.10/aspectjweaver-1.8.10.jar"/>
    <property name="sun.boot.class.path" value="/Library/Java/JavaVirtualMachines/jdk1.8.0_211.jdk/Contents/Home/jre/lib/resources.jar:/Library/Java/JavaVirtualMachines/jdk1.8.0_211.jdk/Contents/Home/jre/lib/rt.jar:/Library/Java/JavaVirtualMachines/jdk1.8.0_211.jdk/Contents/Home/jre/lib/sunrsasign.jar:/Library/Java/JavaVirtualMachines/jdk1.8.0_211.jdk/Contents/Home/jre/lib/jsse.jar:/Library/Java/JavaVirtualMachines/jdk1.8.0_211.jdk/Contents/Home/jre/lib/jce.jar:/Library/Java/JavaVirtualMachines/jdk1.8.0_211.jdk/Contents/Home/jre/lib/charsets.jar:/Library/Java/JavaVirtualMachines/jdk1.8.0_211.jdk/Contents/Home/jre/lib/jfr.jar:/Library/Java/JavaVirtualMachines/jdk1.8.0_211.jdk/Contents/Home/jre/classes"/>
    <property name="sun.management.compiler" value="HotSpot 64-Bit Tiered Compilers"/>
    <property name="ftp.nonProxyHosts" value="local|*.local|169.254/16|*.169.254/16"/>
    <property name="java.runtime.version" value="1.8.0_211-b12"/>
    <property name="user.name" value="MacKolia"/>
    <property name="path.separator" value=":"/>
    <property name="os.version" value="10.14.6"/>
    <property name="java.endorsed.dirs" value="/Library/Java/JavaVirtualMachines/jdk1.8.0_211.jdk/Contents/Home/jre/lib/endorsed"/>
    <property name="java.runtime.name" value="Java(TM) SE Runtime Environment"/>
    <property name="file.encoding" value="UTF-8"/>
    <property name="java.vm.name" value="Java HotSpot(TM) 64-Bit Server VM"/>
    <property name="localRepository" value="/Users/MacKolia/.m2/repository"/>
    <property name="java.vendor.url.bug" value="http://bugreport.sun.com/bugreport/"/>
    <property name="java.io.tmpdir" value="/var/folders/_f/cgz3pmw10v56vhrmrgh3nzjr0000gn/T/"/>
    <property name="java.version" value="1.8.0_211"/>
    <property name="user.dir" value="/Users/MacKolia/Documents/IntelliJ IDEA projects/Amazon/amazon"/>
    <property name="os.arch" value="x86_64"/>
    <property name="java.vm.specification.name" value="Java Virtual Machine Specification"/>
    <property name="java.awt.printerjob" value="sun.lwawt.macosx.CPrinterJob"/>
    <property name="env" value="dev"/>
    <property name="sun.os.patch.level" value="unknown"/>
    <property name="java.library.path" value="/Users/MacKolia/Library/Java/Extensions:/Library/Java/Extensions:/Network/Library/Java/Extensions:/System/Library/Java/Extensions:/usr/lib/java:."/>
    <property name="junit.jupiter.extensions.autodetection.enabled" value="true"/>
    <property name="java.vm.info" value="mixed mode"/>
    <property name="java.vendor" value="Oracle Corporation"/>
    <property name="java.vm.version" value="25.211-b12"/>
    <property name="java.ext.dirs" value="/Users/MacKolia/Library/Java/Extensions:/Library/Java/JavaVirtualMachines/jdk1.8.0_211.jdk/Contents/Home/jre/lib/ext:/Library/Java/Extensions:/Network/Library/Java/Extensions:/System/Library/Java/Extensions:/usr/lib/java"/>
    <property name="sun.io.unicode.encoding" value="UnicodeBig"/>
    <property name="java.class.version" value="52.0"/>
    <property name="socksNonProxyHosts" value="local|*.local|169.254/16|*.169.254/16"/>
  </properties>
  <testcase name="TC_0001_Search" classname="Amazon_ui.UiTests" time="38.559"/>
</testsuite>